Determining if the pthread_create exist failed with the following output:
Change Dir: /mnt/c/Users/hmnik/Documents/catkin_ws/build/CMakeFiles/CMakeTmp

Run Build Command:"/usr/bin/make" "cmTC_b431c/fast"
/usr/bin/make -f CMakeFiles/cmTC_b431c.dir/build.make CMakeFiles/cmTC_b431c.dir/build
make[1]: Entering directory '/mnt/c/Users/hmnik/Documents/catkin_ws/build/CMakeFiles/CMakeTmp'
Building C object CMakeFiles/cmTC_b431c.dir/CheckSymbolExists.c.o
/usr/bin/cc    -o CMakeFiles/cmTC_b431c.dir/CheckSymbolExists.c.o   -c /mnt/c/Users/hmnik/Documents/catkin_ws/build/CMakeFiles/CMakeTmp/CheckSymbolExists.c
Linking C executable cmTC_b431c
/usr/bin/cmake -E cmake_link_script CMakeFiles/cmTC_b431c.dir/link.txt --verbose=1
/usr/bin/cc      -rdynamic CMakeFiles/cmTC_b431c.dir/CheckSymbolExists.c.o  -o cmTC_b431c 
CMakeFiles/cmTC_b431c.dir/CheckSymbolExists.c.o: In function `main':
CheckSymbolExists.c:(.text+0x1b): undefined reference to `pthread_create'
collect2: error: ld returned 1 exit status
CMakeFiles/cmTC_b431c.dir/build.make:97: recipe for target 'cmTC_b431c' failed
make[1]: *** [cmTC_b431c] Error 1
make[1]: Leaving directory '/mnt/c/Users/hmnik/Documents/catkin_ws/build/CMakeFiles/CMakeTmp'
Makefile:126: recipe for target 'cmTC_b431c/fast' failed
make: *** [cmTC_b431c/fast] Error 2

File /mnt/c/Users/hmnik/Documents/catkin_ws/build/CMakeFiles/CMakeTmp/CheckSymbolExists.c:
/* */
#include <pthread.h>

int main(int argc, char** argv)
{
  (void)argv;
#ifndef pthread_create
  return ((int*)(&pthread_create))[argc];
#else
  (void)argc;
  return 0;
#endif
}

Determining if the function pthread_create exists in the pthreads failed with the following output:
Change Dir: /mnt/c/Users/hmnik/Documents/catkin_ws/build/CMakeFiles/CMakeTmp

Run Build Command:"/usr/bin/make" "cmTC_ad250/fast"
/usr/bin/make -f CMakeFiles/cmTC_ad250.dir/build.make CMakeFiles/cmTC_ad250.dir/build
make[1]: Entering directory '/mnt/c/Users/hmnik/Documents/catkin_ws/build/CMakeFiles/CMakeTmp'
Building C object CMakeFiles/cmTC_ad250.dir/CheckFunctionExists.c.o
/usr/bin/cc   -DCHECK_FUNCTION_EXISTS=pthread_create   -o CMakeFiles/cmTC_ad250.dir/CheckFunctionExists.c.o   -c /usr/share/cmake-3.10/Modules/CheckFunctionExists.c
Linking C executable cmTC_ad250
/usr/bin/cmake -E cmake_link_script CMakeFiles/cmTC_ad250.dir/link.txt --verbose=1
/usr/bin/cc  -DCHECK_FUNCTION_EXISTS=pthread_create    -rdynamic CMakeFiles/cmTC_ad250.dir/CheckFunctionExists.c.o  -o cmTC_ad250 -lpthreads 
/usr/bin/ld: cannot find -lpthreads
collect2: error: ld returned 1 exit status
CMakeFiles/cmTC_ad250.dir/build.make:97: recipe for target 'cmTC_ad250' failed
make[1]: *** [cmTC_ad250] Error 1
make[1]: Leaving directory '/mnt/c/Users/hmnik/Documents/catkin_ws/build/CMakeFiles/CMakeTmp'
Makefile:126: recipe for target 'cmTC_ad250/fast' failed
make: *** [cmTC_ad250/fast] Error 2


